<?xml version="1.0" encoding="UTF-8"?>
<testsuite name="com.inu2.book.springboot.web.HelloControllerTest" tests="2" skipped="0" failures="0" errors="0" timestamp="2020-09-03T01:18:27" hostname="ion-PC" time="0.431">
  <properties/>
  <testcase name="hello가_리턴된다" classname="com.inu2.book.springboot.web.HelloControllerTest" time="0.209"/>
  <testcase name="helloDto가_리턴된다" classname="com.inu2.book.springboot.web.HelloControllerTest" time="0.22"/>
  <system-out><![CDATA[2020-09-03 10:18:24.348  INFO 16960 --- [    Test worker] .b.t.a.w.s.WebMvcTestContextBootstrapper : Neither @ContextConfiguration nor @ContextHierarchy found for test class [com.inu2.book.springboot.web.HelloControllerTest], using SpringBootContextLoader
2020-09-03 10:18:24.355  INFO 16960 --- [    Test worker] o.s.t.c.support.AbstractContextLoader    : Could not detect default resource locations for test class [com.inu2.book.springboot.web.HelloControllerTest]: no resource found for suffixes {-context.xml, Context.groovy}.
2020-09-03 10:18:24.356  INFO 16960 --- [    Test worker] t.c.s.AnnotationConfigContextLoaderUtils : Could not detect default configuration classes for test class [com.inu2.book.springboot.web.HelloControllerTest]: HelloControllerTest does not declare any static, non-private, non-final, nested classes annotated with @Configuration.
2020-09-03 10:18:24.440  INFO 16960 --- [    Test worker] .b.t.c.SpringBootTestContextBootstrapper : Found @SpringBootConfiguration com.inu2.book.springboot.Application for test class com.inu2.book.springboot.web.HelloControllerTest
2020-09-03 10:18:24.442  INFO 16960 --- [    Test worker] .b.t.a.w.s.WebMvcTestContextBootstrapper : Loaded default TestExecutionListener class names from location [META-INF/spring.factories]: [org.springframework.security.test.context.support.WithSecurityContextTestExecutionListener, org.springframework.security.test.context.support.ReactorContextTestExecutionListener, org.springframework.boot.test.autoconfigure.restdocs.RestDocsTestExecutionListener, org.springframework.boot.test.autoconfigure.web.client.MockRestServiceServerResetTestExecutionListener, org.springframework.boot.test.autoconfigure.web.servlet.MockMvcPrintOnlyOnFailureTestExecutionListener, org.springframework.boot.test.autoconfigure.web.servlet.WebDriverTestExecutionListener, org.springframework.boot.test.mock.mockito.MockitoTestExecutionListener, org.springframework.boot.test.mock.mockito.ResetMocksTestExecutionListener, org.springframework.test.context.web.ServletTestExecutionListener, org.springframework.test.context.support.DirtiesContextBeforeModesTestExecutionListener, org.springframework.test.context.support.DependencyInjectionTestExecutionListener, org.springframework.test.context.support.DirtiesContextTestExecutionListener, org.springframework.test.context.transaction.TransactionalTestExecutionListener, org.springframework.test.context.jdbc.SqlScriptsTestExecutionListener]
2020-09-03 10:18:24.444  INFO 16960 --- [    Test worker] .b.t.a.w.s.WebMvcTestContextBootstrapper : Using TestExecutionListeners: [org.springframework.test.context.web.ServletTestExecutionListener@57697a26, org.springframework.test.context.support.DirtiesContextBeforeModesTestExecutionListener@28116808, org.springframework.boot.test.mock.mockito.MockitoTestExecutionListener@45a73dde, org.springframework.boot.test.autoconfigure.SpringBootDependencyInjectionTestExecutionListener@17b03795, org.springframework.test.context.support.DirtiesContextTestExecutionListener@b94d70f, org.springframework.test.context.transaction.TransactionalTestExecutionListener@28e6af5d, org.springframework.test.context.jdbc.SqlScriptsTestExecutionListener@54532e52, org.springframework.security.test.context.support.WithSecurityContextTestExecutionListener@4249a7d2, org.springframework.security.test.context.support.ReactorContextTestExecutionListener@6fc83c3b, org.springframework.boot.test.autoconfigure.restdocs.RestDocsTestExecutionListener@7249ead8, org.springframework.boot.test.autoconfigure.web.client.MockRestServiceServerResetTestExecutionListener@3f257b7d, org.springframework.boot.test.autoconfigure.web.servlet.MockMvcPrintOnlyOnFailureTestExecutionListener@30dd3c7c, org.springframework.boot.test.autoconfigure.web.servlet.WebDriverTestExecutionListener@1edae7b8, org.springframework.boot.test.mock.mockito.ResetMocksTestExecutionListener@23f8c191]

  .   ____          _            __ _ _
 /\\ / ___'_ __ _ _(_)_ __  __ _ \ \ \ \
( ( )\___ | '_ | '_| | '_ \/ _` | \ \ \ \
 \\/  ___)| |_)| | | | | || (_| |  ) ) ) )
  '  |____| .__|_| |_|_| |_\__, | / / / /
 =========|_|==============|___/=/_/_/_/
 :: Spring Boot ::        (v2.1.7.RELEASE)

2020-09-03 10:18:24.548  INFO 16960 --- [    Test worker] c.i.b.s.web.HelloControllerTest          : Starting HelloControllerTest on ion-PC with PID 16960 (started by ion in C:\Users\ion\IdeaProjects\inutest.springboot.webservice)
2020-09-03 10:18:24.551  INFO 16960 --- [    Test worker] c.i.b.s.web.HelloControllerTest          : No active profile set, falling back to default profiles: default
2020-09-03 10:18:25.860  INFO 16960 --- [    Test worker] o.s.s.concurrent.ThreadPoolTaskExecutor  : Initializing ExecutorService 'applicationTaskExecutor'
2020-09-03 10:18:25.952  INFO 16960 --- [    Test worker] o.s.b.a.w.s.WelcomePageHandlerMapping    : Adding welcome page template: index
2020-09-03 10:18:26.529  INFO 16960 --- [    Test worker] .s.s.UserDetailsServiceAutoConfiguration : 

Using generated security password: c49fd627-5d03-4174-9ad7-3ad057383acc

2020-09-03 10:18:26.929  INFO 16960 --- [    Test worker] o.s.s.web.DefaultSecurityFilterChain     : Creating filter chain: any request, [org.springframework.security.web.context.request.async.WebAsyncManagerIntegrationFilter@4b87ed6d, org.springframework.security.web.context.SecurityContextPersistenceFilter@584ee48b, org.springframework.security.web.header.HeaderWriterFilter@1093451f, org.springframework.security.web.csrf.CsrfFilter@748a5f61, org.springframework.security.web.authentication.logout.LogoutFilter@186e1355, org.springframework.security.web.authentication.UsernamePasswordAuthenticationFilter@427cb2d5, org.springframework.security.web.authentication.ui.DefaultLoginPageGeneratingFilter@4b06b0ee, org.springframework.security.web.authentication.ui.DefaultLogoutPageGeneratingFilter@3c7e06fd, org.springframework.security.web.authentication.www.BasicAuthenticationFilter@1fe49643, org.springframework.security.web.savedrequest.RequestCacheAwareFilter@54ef5388, org.springframework.security.web.servletapi.SecurityContextHolderAwareRequestFilter@5ede4fb7, org.springframework.security.web.authentication.AnonymousAuthenticationFilter@713c9bf, org.springframework.security.web.session.SessionManagementFilter@3644613b, org.springframework.security.web.access.ExceptionTranslationFilter@2665590b, org.springframework.security.web.access.intercept.FilterSecurityInterceptor@5982f58a]
2020-09-03 10:18:27.051  INFO 16960 --- [    Test worker] o.s.b.t.m.w.SpringBootMockServletContext : Initializing Spring TestDispatcherServlet ''
2020-09-03 10:18:27.052  INFO 16960 --- [    Test worker] o.s.t.web.servlet.TestDispatcherServlet  : Initializing Servlet ''
2020-09-03 10:18:27.089  INFO 16960 --- [    Test worker] o.s.t.web.servlet.TestDispatcherServlet  : Completed initialization in 36 ms
2020-09-03 10:18:27.171  INFO 16960 --- [    Test worker] c.i.b.s.web.HelloControllerTest          : Started HelloControllerTest in 2.721 seconds (JVM running for 26.199)
]]></system-out>
  <system-err><![CDATA[]]></system-err>
</testsuite>
