<?xml version="1.0" encoding="UTF-8"?>
<testsuite name="com.inu2.book.springboot.web.PostsApiControllerTest" tests="2" skipped="0" failures="0" errors="0" timestamp="2020-09-03T01:57:48" hostname="ion-PC" time="0.498">
  <properties/>
  <testcase name="Posts_등록된다" classname="com.inu2.book.springboot.web.PostsApiControllerTest" time="0.26"/>
  <testcase name="Posts_수정된다" classname="com.inu2.book.springboot.web.PostsApiControllerTest" time="0.236"/>
  <system-out><![CDATA[2020-09-03 10:57:48.150  INFO 14704 --- [    Test worker] .b.t.c.SpringBootTestContextBootstrapper : Neither @ContextConfiguration nor @ContextHierarchy found for test class [com.inu2.book.springboot.web.PostsApiControllerTest], using SpringBootContextLoader
2020-09-03 10:57:48.153  INFO 14704 --- [    Test worker] o.s.t.c.support.AbstractContextLoader    : Could not detect default resource locations for test class [com.inu2.book.springboot.web.PostsApiControllerTest]: no resource found for suffixes {-context.xml, Context.groovy}.
2020-09-03 10:57:48.153  INFO 14704 --- [    Test worker] t.c.s.AnnotationConfigContextLoaderUtils : Could not detect default configuration classes for test class [com.inu2.book.springboot.web.PostsApiControllerTest]: PostsApiControllerTest does not declare any static, non-private, non-final, nested classes annotated with @Configuration.
2020-09-03 10:57:48.157  INFO 14704 --- [    Test worker] .b.t.c.SpringBootTestContextBootstrapper : Found @SpringBootConfiguration com.inu2.book.springboot.Application for test class com.inu2.book.springboot.web.PostsApiControllerTest
2020-09-03 10:57:48.161  INFO 14704 --- [    Test worker] .b.t.c.SpringBootTestContextBootstrapper : Loaded default TestExecutionListener class names from location [META-INF/spring.factories]: [org.springframework.security.test.context.support.WithSecurityContextTestExecutionListener, org.springframework.security.test.context.support.ReactorContextTestExecutionListener, org.springframework.boot.test.autoconfigure.restdocs.RestDocsTestExecutionListener, org.springframework.boot.test.autoconfigure.web.client.MockRestServiceServerResetTestExecutionListener, org.springframework.boot.test.autoconfigure.web.servlet.MockMvcPrintOnlyOnFailureTestExecutionListener, org.springframework.boot.test.autoconfigure.web.servlet.WebDriverTestExecutionListener, org.springframework.boot.test.mock.mockito.MockitoTestExecutionListener, org.springframework.boot.test.mock.mockito.ResetMocksTestExecutionListener, org.springframework.test.context.web.ServletTestExecutionListener, org.springframework.test.context.support.DirtiesContextBeforeModesTestExecutionListener, org.springframework.test.context.support.DependencyInjectionTestExecutionListener, org.springframework.test.context.support.DirtiesContextTestExecutionListener, org.springframework.test.context.transaction.TransactionalTestExecutionListener, org.springframework.test.context.jdbc.SqlScriptsTestExecutionListener]
2020-09-03 10:57:48.163  INFO 14704 --- [    Test worker] .b.t.c.SpringBootTestContextBootstrapper : Using TestExecutionListeners: [org.springframework.test.context.web.ServletTestExecutionListener@764c8a7e, org.springframework.test.context.support.DirtiesContextBeforeModesTestExecutionListener@32b5148c, org.springframework.boot.test.mock.mockito.MockitoTestExecutionListener@3b00632e, org.springframework.boot.test.autoconfigure.SpringBootDependencyInjectionTestExecutionListener@61017cdf, org.springframework.test.context.support.DirtiesContextTestExecutionListener@738c15fb, org.springframework.test.context.transaction.TransactionalTestExecutionListener@69076e72, org.springframework.test.context.jdbc.SqlScriptsTestExecutionListener@51a6696f, org.springframework.security.test.context.support.WithSecurityContextTestExecutionListener@3b2b1000, org.springframework.security.test.context.support.ReactorContextTestExecutionListener@289be953, org.springframework.boot.test.autoconfigure.restdocs.RestDocsTestExecutionListener@7abd66cc, org.springframework.boot.test.autoconfigure.web.client.MockRestServiceServerResetTestExecutionListener@18b295e5, org.springframework.boot.test.autoconfigure.web.servlet.MockMvcPrintOnlyOnFailureTestExecutionListener@7bfa3de3, org.springframework.boot.test.autoconfigure.web.servlet.WebDriverTestExecutionListener@cdc92be, org.springframework.boot.test.mock.mockito.ResetMocksTestExecutionListener@1dc60eef]
2020-09-03 10:57:48.186  INFO 14704 --- [    Test worker] o.a.c.c.C.[Tomcat].[localhost].[/]       : Initializing Spring TestDispatcherServlet ''
2020-09-03 10:57:48.187  INFO 14704 --- [    Test worker] o.s.t.web.servlet.TestDispatcherServlet  : Initializing Servlet ''
2020-09-03 10:57:48.192  INFO 14704 --- [    Test worker] o.s.t.web.servlet.TestDispatcherServlet  : Completed initialization in 5 ms
Hibernate: insert into Posts (createdDate, modifiedDate, author, content, title) values (?, ?, ?, ?, ?)
Hibernate: select posts0_.id as id1_0_, posts0_.createdDate as createdD2_0_, posts0_.modifiedDate as modified3_0_, posts0_.author as author4_0_, posts0_.content as content5_0_, posts0_.title as title6_0_ from Posts posts0_
Hibernate: select posts0_.id as id1_0_, posts0_.createdDate as createdD2_0_, posts0_.modifiedDate as modified3_0_, posts0_.author as author4_0_, posts0_.content as content5_0_, posts0_.title as title6_0_ from Posts posts0_
Hibernate: delete from Posts where id=?
2020-09-03 10:57:48.441  INFO 14704 --- [    Test worker] o.a.c.c.C.[Tomcat].[localhost].[/]       : Initializing Spring TestDispatcherServlet ''
2020-09-03 10:57:48.441  INFO 14704 --- [    Test worker] o.s.t.web.servlet.TestDispatcherServlet  : Initializing Servlet ''
2020-09-03 10:57:48.448  INFO 14704 --- [    Test worker] o.s.t.web.servlet.TestDispatcherServlet  : Completed initialization in 7 ms
Hibernate: insert into Posts (createdDate, modifiedDate, author, content, title) values (?, ?, ?, ?, ?)
Hibernate: select posts0_.id as id1_0_0_, posts0_.createdDate as createdD2_0_0_, posts0_.modifiedDate as modified3_0_0_, posts0_.author as author4_0_0_, posts0_.content as content5_0_0_, posts0_.title as title6_0_0_ from Posts posts0_ where posts0_.id=?
Hibernate: update Posts set createdDate=?, modifiedDate=?, author=?, content=?, title=? where id=?
Hibernate: select posts0_.id as id1_0_, posts0_.createdDate as createdD2_0_, posts0_.modifiedDate as modified3_0_, posts0_.author as author4_0_, posts0_.content as content5_0_, posts0_.title as title6_0_ from Posts posts0_
Hibernate: select posts0_.id as id1_0_, posts0_.createdDate as createdD2_0_, posts0_.modifiedDate as modified3_0_, posts0_.author as author4_0_, posts0_.content as content5_0_, posts0_.title as title6_0_ from Posts posts0_
Hibernate: delete from Posts where id=?
]]></system-out>
  <system-err><![CDATA[]]></system-err>
</testsuite>
